00:14:36 **** Build of configuration Debug for project blink ****
make all 
Building file: ../main.c
Invoking: AVR Compiler
avr-gcc -Wall -g2 -gstabs -O0 -fpack-struct -fshort-enums -ffunction-sections -fdata-sections -std=gnu99 -funsigned-char -funsigned-bitfields -mmcu=atmega32 -DF_CPU=1000000UL -MMD -MP -MF"main.d" -MT"main.o" -c -o "main.o" "../main.c"
In file included from ../main.c:10:
c:/winavr-20100110/lib/gcc/../../avr/include/util/delay.h:90:3: warning: #warning "Compiler optimizations disabled; functions from <util/delay.h> won't work as designed"
Finished building: ../main.c
 
Building target: blink.elf
Invoking: AVR C Linker
avr-gcc -Wl,-Map,blink.map -mmcu=atmega32 -o "blink.elf"  ./main.o   
Finished building target: blink.elf
 
Invoking: AVR Create Extended Listing
avr-objdump -h -S blink.elf  >"blink.lss"
Finished building: blink.lss
 
Create Flash image (ihex format)
avr-objcopy -R .eeprom -R .fuse -R .lock -R .signature -O ihex blink.elf  "blink.hex"
Finished building: blink.hex
 
Create eeprom image (ihex format)
avr-objcopy -j .eeprom --no-change-warnings --change-section-lma .eeprom=0 -O ihex blink.elf  "blink.eep"
Finished building: blink.eep
 
Invoking: Print Size
avr-size --format=avr --mcu=atmega32 blink.elf
AVR Memory Usage
----------------
Device: atmega32

Program:    3526 bytes (10.8% Full)
(.text + .data + .bootloader)

Data:          8 bytes (0.4% Full)
(.data + .bss + .noinit)


Finished building: sizedummy
 

00:14:37 Build Finished. 0 errors, 1 warnings. (took 1s.30ms)

